<?xml version="1.0" encoding="UTF-8"?>
<!-- Generated by org.testng.reporters.JUnitReportReporter -->
<testsuite skipped="0" hostname="vishnupriya-PC" name="com.ecommerce.practise.TC001_Login" tests="1" failures="0" timestamp="01 Jun 2018 16:38:16 GMT" time="17.667" errors="0">
  <testcase name="f" time="17.667" classname="com.ecommerce.practise.TC001_Login"/>
</testsuite> <!-- com.ecommerce.practise.TC001_Login -->
