<?xml version="1.0" encoding="UTF-8"?>
<!-- Generated by org.testng.reporters.JUnitReportReporter -->
<testsuite skipped="0" hostname="vishnupriya-PC" name="com.ecommerce.practise.TC001_Login" tests="1" failures="0" timestamp="19 Jul 2018 05:49:42 GMT" time="18.428" errors="0">
  <testcase name="f" time="18.428" classname="com.ecommerce.practise.TC001_Login"/>
</testsuite> <!-- com.ecommerce.practise.TC001_Login -->
